android-yolo-v2/gradleBuild/outputs/logs/manifest-merger-debug-report.txt
-- Merging decision tree log ---
manifest
ADDED from FINALLL_guardians (10)\android-yolo-v2\AndroidManifest.xml:2:1-72:12
INJECTED from FINALLL_guardians (10)\android-yolo-v2\AndroidManifest.xml:2:1-72:12
INJECTED from FINALLL_guardians (10)\android-yolo-v2\AndroidManifest.xml:2:1-72:12
MERGED from [org.tensorflow:tensorflow-android:1.6.0] AndroidManifest.xml:2:1-8:12
MERGED from [com.android.support:appcompat-v7:23.4.0] AndroidManifest.xml:17:1-27:12
MERGED from [com.android.support.constraint:constraint-layout:1.1.3] AndroidManifest.xml:2:1-11:12
MERGED from [:SDK_release_v1.0] AndroidManifest.xml:2:1-13:12
MERGED from [com.google.vr:sdk-audio:1.160.0] AndroidManifest.xml:2:1-9:12
MERGED from [com.google.vr:sdk-base:1.160.0] AndroidManifest.xml:2:1-27:12
MERGED from [com.android.support:animated-vector-drawable:23.4.0] AndroidManifest.xml:2:1-9:12
MERGED from [com.android.support:support-vector-drawable:23.4.0] AndroidManifest.xml:2:1-9:12
MERGED from [com.android.support:support-v4:23.4.0] AndroidManifest.xml:17:1-24:12
MERGED from [com.google.vr:sdk-common:1.160.0] AndroidManifest.xml:2:1-9:12
INJECTED from FINALLL_guardians (10)\android-yolo-v2\AndroidManifest.xml:2:1-72:12
INJECTED from FINALLL_guardians (10)\android-yolo-v2\AndroidManifest.xml:2:1-72:12
	package
		ADDED from FINALLL_guardians (10)\android-yolo-v2\AndroidManifest.xml:3:5-38
	android:versionName
		ADDED from FINALLL_guardians (10)\android-yolo-v2\AndroidManifest.xml:5:5-30
		INJECTED from FINALLL_guardians (10)\android-yolo-v2\AndroidManifest.xml
		INJECTED from FINALLL_guardians (10)\android-yolo-v2\AndroidManifest.xml
	xmlns:android
		ADDED from FINALLL_guardians (10)\android-yolo-v2\AndroidManifest.xml:2:11-69
	android:versionCode
		ADDED from FINALLL_guardians (10)\android-yolo-v2\AndroidManifest.xml:4:5-28
		INJECTED from FINALLL_guardians (10)\android-yolo-v2\AndroidManifest.xml
		INJECTED from FINALLL_guardians (10)\android-yolo-v2\AndroidManifest.xml
uses-sdk
ADDED from FINALLL_guardians (10)\android-yolo-v2\AndroidManifest.xml:7:5-9:41
MERGED from [com.android.support:appcompat-v7:23.4.0] AndroidManifest.xml:21:5-23:78
MERGED from [com.android.support:appcompat-v7:23.4.0] AndroidManifest.xml:21:5-23:78
MERGED from [com.android.support.constraint:constraint-layout:1.1.3] AndroidManifest.xml:5:5-7:41
MERGED from [com.android.support.constraint:constraint-layout:1.1.3] AndroidManifest.xml:5:5-7:41
MERGED from [:SDK_release_v1.0] AndroidManifest.xml:7:5-9:41
MERGED from [:SDK_release_v1.0] AndroidManifest.xml:7:5-9:41
MERGED from [com.google.vr:sdk-audio:1.160.0] AndroidManifest.xml:5:5-7:41
MERGED from [com.google.vr:sdk-audio:1.160.0] AndroidManifest.xml:5:5-7:41
MERGED from [com.google.vr:sdk-base:1.160.0] AndroidManifest.xml:6:5-8:41
MERGED from [com.google.vr:sdk-base:1.160.0] AndroidManifest.xml:6:5-8:41
MERGED from [com.android.support:animated-vector-drawable:23.4.0] AndroidManifest.xml:5:5-44
MERGED from [com.android.support:animated-vector-drawable:23.4.0] AndroidManifest.xml:5:5-44
MERGED from [com.android.support:support-vector-drawable:23.4.0] AndroidManifest.xml:5:5-43
MERGED from [com.android.support:support-vector-drawable:23.4.0] AndroidManifest.xml:5:5-43
MERGED from [com.android.support:support-v4:23.4.0] AndroidManifest.xml:20:5-43
MERGED from [com.android.support:support-v4:23.4.0] AndroidManifest.xml:20:5-43
MERGED from [com.google.vr:sdk-common:1.160.0] AndroidManifest.xml:5:5-7:41
MERGED from [com.google.vr:sdk-common:1.160.0] AndroidManifest.xml:5:5-7:41
	tools:overrideLibrary
		ADDED from [com.android.support:appcompat-v7:23.4.0] AndroidManifest.xml:23:9-75
	android:targetSdkVersion
		ADDED from FINALLL_guardians (10)\android-yolo-v2\AndroidManifest.xml:9:9-38
	android:minSdkVersion
		ADDED from FINALLL_guardians (10)\android-yolo-v2\AndroidManifest.xml:8:9-35
uses-permission#android.permission.CAMERA
ADDED from FINALLL_guardians (10)\android-yolo-v2\AndroidManifest.xml:11:5-65
	android:name
		ADDED from FINALLL_guardians (10)\android-yolo-v2\AndroidManifest.xml:11:22-62
uses-feature#android.hardware.camera
ADDED from FINALLL_guardians (10)\android-yolo-v2\AndroidManifest.xml:13:5-60
	android:name
		ADDED from FINALLL_guardians (10)\android-yolo-v2\AndroidManifest.xml:13:19-57
uses-feature#android.hardware.camera.autofocus
ADDED from FINALLL_guardians (10)\android-yolo-v2\AndroidManifest.xml:14:5-70
	android:name
		ADDED from FINALLL_guardians (10)\android-yolo-v2\AndroidManifest.xml:14:19-67
uses-permission#android.permission.WRITE_EXTERNAL_STORAGE
ADDED from FINALLL_guardians (10)\android-yolo-v2\AndroidManifest.xml:16:5-81
MERGED from [com.google.vr:sdk-base:1.160.0] AndroidManifest.xml:16:5-81
MERGED from [com.google.vr:sdk-base:1.160.0] AndroidManifest.xml:16:5-81
	android:name
		ADDED from FINALLL_guardians (10)\android-yolo-v2\AndroidManifest.xml:16:22-78
uses-permission#android.permission.READ_PHONE_STATE
ADDED from FINALLL_guardians (10)\android-yolo-v2\AndroidManifest.xml:17:5-75
	android:name
		ADDED from FINALLL_guardians (10)\android-yolo-v2\AndroidManifest.xml:17:22-72
uses-permission#android.permission.READ_EXTERNAL_STORAGE
ADDED from FINALLL_guardians (10)\android-yolo-v2\AndroidManifest.xml:18:5-80
MERGED from [com.google.vr:sdk-base:1.160.0] AndroidManifest.xml:15:5-80
MERGED from [com.google.vr:sdk-base:1.160.0] AndroidManifest.xml:15:5-80
	android:name
		ADDED from FINALLL_guardians (10)\android-yolo-v2\AndroidManifest.xml:18:22-77
uses-permission#android.permission.INTERNET
ADDED from FINALLL_guardians (10)\android-yolo-v2\AndroidManifest.xml:19:5-67
MERGED from [:SDK_release_v1.0] AndroidManifest.xml:11:5-67
MERGED from [:SDK_release_v1.0] AndroidManifest.xml:11:5-67
	android:name
		ADDED from FINALLL_guardians (10)\android-yolo-v2\AndroidManifest.xml:19:22-64
uses-permission#android.permission.ACCESS_FINE_LOCATION
ADDED from FINALLL_guardians (10)\android-yolo-v2\AndroidManifest.xml:20:5-79
	android:name
		ADDED from FINALLL_guardians (10)\android-yolo-v2\AndroidManifest.xml:20:22-76
uses-permission#android.permission.ACCESS_NETWORK_STATE
ADDED from FINALLL_guardians (10)\android-yolo-v2\AndroidManifest.xml:21:5-79
	android:name
		ADDED from FINALLL_guardians (10)\android-yolo-v2\AndroidManifest.xml:21:22-76
uses-permission#android.permission.ACCESS_COARSE_LOCATION
ADDED from FINALLL_guardians (10)\android-yolo-v2\AndroidManifest.xml:22:5-81
	android:name
		ADDED from FINALLL_guardians (10)\android-yolo-v2\AndroidManifest.xml:22:22-78
uses-permission#android.permission.VIBRATE
ADDED from FINALLL_guardians (10)\android-yolo-v2\AndroidManifest.xml:23:5-65
	android:name
		ADDED from FINALLL_guardians (10)\android-yolo-v2\AndroidManifest.xml:23:22-63
uses-permission#android.permission.RECORD_AUDIO
ADDED from FINALLL_guardians (10)\android-yolo-v2\AndroidManifest.xml:25:5-71
	android:name
		ADDED from FINALLL_guardians (10)\android-yolo-v2\AndroidManifest.xml:25:22-68
application
ADDED from FINALLL_guardians (10)\android-yolo-v2\AndroidManifest.xml:27:4-70:18
MERGED from [org.tensorflow:tensorflow-android:1.6.0] AndroidManifest.xml:5:5-6:19
MERGED from [org.tensorflow:tensorflow-android:1.6.0] AndroidManifest.xml:5:5-6:19
MERGED from [com.android.support:appcompat-v7:23.4.0] AndroidManifest.xml:25:5-20
MERGED from [com.android.support:appcompat-v7:23.4.0] AndroidManifest.xml:25:5-20
MERGED from [com.android.support.constraint:constraint-layout:1.1.3] AndroidManifest.xml:9:5-20
MERGED from [com.android.support.constraint:constraint-layout:1.1.3] AndroidManifest.xml:9:5-20
MERGED from [com.android.support:animated-vector-drawable:23.4.0] AndroidManifest.xml:7:5-20
MERGED from [com.android.support:animated-vector-drawable:23.4.0] AndroidManifest.xml:7:5-20
MERGED from [com.android.support:support-vector-drawable:23.4.0] AndroidManifest.xml:7:5-20
MERGED from [com.android.support:support-vector-drawable:23.4.0] AndroidManifest.xml:7:5-20
MERGED from [com.android.support:support-v4:23.4.0] AndroidManifest.xml:22:5-20
MERGED from [com.android.support:support-v4:23.4.0] AndroidManifest.xml:22:5-20
	android:label
		ADDED from FINALLL_guardians (10)\android-yolo-v2\AndroidManifest.xml:31:9-40
	android:debuggable
		ADDED from FINALLL_guardians (10)\android-yolo-v2\AndroidManifest.xml:29:9-35
	android:icon
		ADDED from FINALLL_guardians (10)\android-yolo-v2\AndroidManifest.xml:30:9-47
	android:allowBackup
		ADDED from FINALLL_guardians (10)\android-yolo-v2\AndroidManifest.xml:28:9-35
	android:theme
		ADDED from FINALLL_guardians (10)\android-yolo-v2\AndroidManifest.xml:32:9-59
activity#org.tensorflow.wwithu72.FirstActivity
ADDED from FINALLL_guardians (10)\android-yolo-v2\AndroidManifest.xml:44:9-53:20
	android:screenOrientation
		ADDED from FINALLL_guardians (10)\android-yolo-v2\AndroidManifest.xml:46:13-49
	android:name
		ADDED from FINALLL_guardians (10)\android-yolo-v2\AndroidManifest.xml:45:13-42
intent-filter#android.intent.action.MAIN+android.intent.category.LAUNCHER
ADDED from FINALLL_guardians (10)\android-yolo-v2\AndroidManifest.xml:48:13-52:29
action#android.intent.action.MAIN
ADDED from FINALLL_guardians (10)\android-yolo-v2\AndroidManifest.xml:49:17-69
	android:name
		ADDED from FINALLL_guardians (10)\android-yolo-v2\AndroidManifest.xml:49:25-66
category#android.intent.category.LAUNCHER
ADDED from FINALLL_guardians (10)\android-yolo-v2\AndroidManifest.xml:51:17-77
	android:name
		ADDED from FINALLL_guardians (10)\android-yolo-v2\AndroidManifest.xml:51:27-74
activity#org.tensorflow.wwithu72.MapActivity
ADDED from FINALLL_guardians (10)\android-yolo-v2\AndroidManifest.xml:54:9-65
	android:label
		ADDED from FINALLL_guardians (10)\android-yolo-v2\AndroidManifest.xml:54:47-63
	android:name
		ADDED from FINALLL_guardians (10)\android-yolo-v2\AndroidManifest.xml:54:19-46
activity#org.tensorflow.wwithu72.SettingActivity
ADDED from FINALLL_guardians (10)\android-yolo-v2\AndroidManifest.xml:55:9-69
	android:label
		ADDED from FINALLL_guardians (10)\android-yolo-v2\AndroidManifest.xml:55:51-67
	android:name
		ADDED from FINALLL_guardians (10)\android-yolo-v2\AndroidManifest.xml:55:19-50
activity#org.tensorflow.wwithu72.view.CameraActivity
ADDED from FINALLL_guardians (10)\android-yolo-v2\AndroidManifest.xml:56:9-73
	android:label
		ADDED from FINALLL_guardians (10)\android-yolo-v2\AndroidManifest.xml:56:55-71
	android:name
		ADDED from FINALLL_guardians (10)\android-yolo-v2\AndroidManifest.xml:56:19-54
activity#org.tensorflow.wwithu72.view.ClassifierActivity
ADDED from FINALLL_guardians (10)\android-yolo-v2\AndroidManifest.xml:57:9-77
	android:label
		ADDED from FINALLL_guardians (10)\android-yolo-v2\AndroidManifest.xml:57:59-75
	android:name
		ADDED from FINALLL_guardians (10)\android-yolo-v2\AndroidManifest.xml:57:19-58
activity#org.tensorflow.wwithu72.BusActivity
ADDED from FINALLL_guardians (10)\android-yolo-v2\AndroidManifest.xml:58:9-115
	android:label
		ADDED from FINALLL_guardians (10)\android-yolo-v2\AndroidManifest.xml:58:47-63
	android:windowSoftInputMode
		ADDED from FINALLL_guardians (10)\android-yolo-v2\AndroidManifest.xml:58:64-103
	android:name
		ADDED from FINALLL_guardians (10)\android-yolo-v2\AndroidManifest.xml:58:19-46
provider#android.support.v4.content.FileProvider
ADDED from FINALLL_guardians (10)\android-yolo-v2\AndroidManifest.xml:60:8-69:19
	android:grantUriPermissions
		ADDED from FINALLL_guardians (10)\android-yolo-v2\AndroidManifest.xml:64:12-46
	android:authorities
		ADDED from FINALLL_guardians (10)\android-yolo-v2\AndroidManifest.xml:61:12-70
	android:exported
		ADDED from FINALLL_guardians (10)\android-yolo-v2\AndroidManifest.xml:63:12-36
	android:name
		ADDED from FINALLL_guardians (10)\android-yolo-v2\AndroidManifest.xml:62:12-66
meta-data#android.support.FILE_PROVIDER_PATHS
ADDED from FINALLL_guardians (10)\android-yolo-v2\AndroidManifest.xml:65:12-67:57
	android:resource
		ADDED from FINALLL_guardians (10)\android-yolo-v2\AndroidManifest.xml:67:16-55
	android:name
		ADDED from FINALLL_guardians (10)\android-yolo-v2\AndroidManifest.xml:66:16-66
uses-feature#0x00020000
ADDED from [com.google.vr:sdk-base:1.160.0] AndroidManifest.xml:10:5-12:35
	android:glEsVersion
		ADDED from [com.google.vr:sdk-base:1.160.0] AndroidManifest.xml:11:9-41
	android:required
		ADDED from [com.google.vr:sdk-base:1.160.0] AndroidManifest.xml:12:9-32
uses-feature#android.software.vr.mode
ADDED from [com.google.vr:sdk-base:1.160.0] AndroidManifest.xml:19:5-21:36
	android:required
		ADDED from [com.google.vr:sdk-base:1.160.0] AndroidManifest.xml:21:9-33
	android:name
		ADDED from [com.google.vr:sdk-base:1.160.0] AndroidManifest.xml:20:9-48
uses-feature#android.hardware.vr.high_performance
ADDED from [com.google.vr:sdk-base:1.160.0] AndroidManifest.xml:23:5-25:36
	android:required
		ADDED from [com.google.vr:sdk-base:1.160.0] AndroidManifest.xml:25:9-33
	android:name
		ADDED from [com.google.vr:sdk-base:1.160.0] AndroidManifest.xml:24:9-60